<?xml version="1.0" encoding="UTF-8"?>
<!-- Generated by org.testng.reporters.JUnitReportReporter -->
<testsuite skipped="0" hostname="LAPTOP-JKVQ8FJ6" name="commonUtils.TestRunner" tests="1" failures="0" timestamp="24 May 2022 14:26:44 GMT" time="76.442" errors="0">
  <testcase name="feature" time="76.442" classname="commonUtils.TestRunner"/>
</testsuite> <!-- commonUtils.TestRunner -->
